# JRE version: OpenJDK Runtime Environment Temurin-17.0.10+7 (17.0.10+7) (build 17.0.10+7)
# Java VM: OpenJDK 64-Bit Server VM Temurin-17.0.10+7 (17.0.10+7, mixed mode, tiered, compressed oops, compressed class ptrs, parallel gc, windows-amd64)
GC Precious Log:
 CPUs: 4 total, 4 available
 Memory: 3874M
 Large Page Support: Disabled
 NUMA Support: Disabled
 Compressed Oops: Enabled (32-bit)
 Alignments: Space 512K, Generation 512K, Heap 2M
 Heap Min Capacity: 100M
 Heap Initial Capacity: 100M
 Heap Max Capacity: 1G
 Pre-touch: Disabled
 Parallel Workers: 4
Heap:
 PSYoungGen      total 21504K, used 3404K [0x00000000eab00000, 0x00000000ec180000, 0x0000000100000000)
  eden space 20480K, 12% used [0x00000000eab00000,0x00000000ead93128,0x00000000ebf00000)
  from space 1024K, 75% used [0x00000000ebf80000,0x00000000ec040000,0x00000000ec080000)
  to   space 1024K, 0% used [0x00000000ec080000,0x00000000ec080000,0x00000000ec180000)
 ParOldGen       total 68608K, used 30625K [0x00000000c0000000, 0x00000000c4300000, 0x00000000eab00000)
  object space 68608K, 44% used [0x00000000c0000000,0x00000000c1de8778,0x00000000c4300000)
 Metaspace       used 45240K, committed 46016K, reserved 1114112K
  class space    used 4557K, committed 4928K, reserved 1048576K
GC Heap History (20 events):
Event: 31.002 GC heap before
{Heap before GC invocations=14 (full 2):
 PSYoungGen      total 25088K, used 25056K [0x00000000eab00000, 0x00000000ec980000, 0x0000000100000000)
  eden space 23040K, 100% used [0x00000000eab00000,0x00000000ec180000,0x00000000ec180000)
  from space 2048K, 98% used [0x00000000ec380000,0x00000000ec578020,0x00000000ec580000)
  to   space 4096K, 0% used [0x00000000ec580000,0x00000000ec580000,0x00000000ec980000)
 ParOldGen       total 68608K, used 14811K [0x00000000c0000000, 0x00000000c4300000, 0x00000000eab00000)
  object space 68608K, 21% used [0x00000000c0000000,0x00000000c0e76d30,0x00000000c4300000)
 Metaspace       used 38417K, committed 39104K, reserved 1114112K
  class space    used 3878K, committed 4160K, reserved 1048576K
}
Event: 31.008 GC heap after
{Heap after GC invocations=14 (full 2):
 PSYoungGen      total 25088K, used 2176K [0x00000000eab00000, 0x00000000ec800000, 0x0000000100000000)
  eden space 22528K, 0% used [0x00000000eab00000,0x00000000eab00000,0x00000000ec100000)
  from space 2560K, 85% used [0x00000000ec580000,0x00000000ec7a0010,0x00000000ec800000)
  to   space 3072K, 0% used [0x00000000ec200000,0x00000000ec200000,0x00000000ec500000)
 ParOldGen       total 68608K, used 16759K [0x00000000c0000000, 0x00000000c4300000, 0x00000000eab00000)
  object space 68608K, 24% used [0x00000000c0000000,0x00000000c105ddb8,0x00000000c4300000)
 Metaspace       used 38417K, committed 39104K, reserved 1114112K
  class space    used 3878K, committed 4160K, reserved 1048576K
}
Event: 31.142 GC heap before
{Heap before GC invocations=15 (full 2):
 PSYoungGen      total 25088K, used 24704K [0x00000000eab00000, 0x00000000ec800000, 0x0000000100000000)
  eden space 22528K, 100% used [0x00000000eab00000,0x00000000ec100000,0x00000000ec100000)
  from space 2560K, 85% used [0x00000000ec580000,0x00000000ec7a0010,0x00000000ec800000)
  to   space 3072K, 0% used [0x00000000ec200000,0x00000000ec200000,0x00000000ec500000)
 ParOldGen       total 68608K, used 16759K [0x00000000c0000000, 0x00000000c4300000, 0x00000000eab00000)
  object space 68608K, 24% used [0x00000000c0000000,0x00000000c105ddb8,0x00000000c4300000)
 Metaspace       used 38474K, committed 39168K, reserved 1114112K
  class space    used 3889K, committed 4160K, reserved 1048576K
}
Event: 31.148 GC heap after
{Heap after GC invocations=15 (full 2):
 PSYoungGen      total 24576K, used 2144K [0x00000000eab00000, 0x00000000ec600000, 0x0000000100000000)
  eden space 22016K, 0% used [0x00000000eab00000,0x00000000eab00000,0x00000000ec080000)
  from space 2560K, 83% used [0x00000000ec200000,0x00000000ec418000,0x00000000ec480000)
  to   space 1536K, 0% used [0x00000000ec480000,0x00000000ec480000,0x00000000ec600000)
 ParOldGen       total 68608K, used 18895K [0x00000000c0000000, 0x00000000c4300000, 0x00000000eab00000)
  object space 68608K, 27% used [0x00000000c0000000,0x00000000c1273dc8,0x00000000c4300000)
 Metaspace       used 38474K, committed 39168K, reserved 1114112K
  class space    used 3889K, committed 4160K, reserved 1048576K
}
Event: 31.250 GC heap before
{Heap before GC invocations=16 (full 2):
 PSYoungGen      total 24576K, used 24160K [0x00000000eab00000, 0x00000000ec600000, 0x0000000100000000)
  eden space 22016K, 100% used [0x00000000eab00000,0x00000000ec080000,0x00000000ec080000)
  from space 2560K, 83% used [0x00000000ec200000,0x00000000ec418000,0x00000000ec480000)
  to   space 1536K, 0% used [0x00000000ec480000,0x00000000ec480000,0x00000000ec600000)
 ParOldGen       total 68608K, used 18895K [0x00000000c0000000, 0x00000000c4300000, 0x00000000eab00000)
  object space 68608K, 27% used [0x00000000c0000000,0x00000000c1273dc8,0x00000000c4300000)
 Metaspace       used 38474K, committed 39168K, reserved 1114112K
  class space    used 3889K, committed 4160K, reserved 1048576K
}
Event: 31.256 GC heap after
{Heap after GC invocations=16 (full 2):
 PSYoungGen      total 22528K, used 1536K [0x00000000eab00000, 0x00000000eca80000, 0x0000000100000000)
  eden space 20992K, 0% used [0x00000000eab00000,0x00000000eab00000,0x00000000ebf80000)
  from space 1536K, 100% used [0x00000000ec480000,0x00000000ec600000,0x00000000ec600000)
  to   space 5120K, 0% used [0x00000000ebf80000,0x00000000ebf80000,0x00000000ec480000)
 ParOldGen       total 68608K, used 21930K [0x00000000c0000000, 0x00000000c4300000, 0x00000000eab00000)
  object space 68608K, 31% used [0x00000000c0000000,0x00000000c156abe0,0x00000000c4300000)
 Metaspace       used 38474K, committed 39168K, reserved 1114112K
  class space    used 3889K, committed 4160K, reserved 1048576K
}
Event: 31.337 GC heap before
{Heap before GC invocations=17 (full 2):
 PSYoungGen      total 22528K, used 22528K [0x00000000eab00000, 0x00000000eca80000, 0x0000000100000000)
  eden space 20992K, 100% used [0x00000000eab00000,0x00000000ebf80000,0x00000000ebf80000)
  from space 1536K, 100% used [0x00000000ec480000,0x00000000ec600000,0x00000000ec600000)
  to   space 5120K, 0% used [0x00000000ebf80000,0x00000000ebf80000,0x00000000ec480000)
 ParOldGen       total 68608K, used 21930K [0x00000000c0000000, 0x00000000c4300000, 0x00000000eab00000)
  object space 68608K, 31% used [0x00000000c0000000,0x00000000c156abe0,0x00000000c4300000)
 Metaspace       used 38474K, committed 39168K, reserved 1114112K
  class space    used 3889K, committed 4160K, reserved 1048576K
}
Event: 31.343 GC heap after
{Heap after GC invocations=17 (full 2):
 PSYoungGen      total 23040K, used 1952K [0x00000000eab00000, 0x00000000ec580000, 0x0000000100000000)
  eden space 20992K, 0% used [0x00000000eab00000,0x00000000eab00000,0x00000000ebf80000)
  from space 2048K, 95% used [0x00000000ebf80000,0x00000000ec168000,0x00000000ec180000)
  to   space 3072K, 0% used [0x00000000ec280000,0x00000000ec280000,0x00000000ec580000)
 ParOldGen       total 68608K, used 23474K [0x00000000c0000000, 0x00000000c4300000, 0x00000000eab00000)
  object space 68608K, 34% used [0x00000000c0000000,0x00000000c16ecbe0,0x00000000c4300000)
 Metaspace       used 38474K, committed 39168K, reserved 1114112K
  class space    used 3889K, committed 4160K, reserved 1048576K
}
Event: 235.602 GC heap before
{Heap before GC invocations=18 (full 2):
 PSYoungGen      total 23040K, used 22944K [0x00000000eab00000, 0x00000000ec580000, 0x0000000100000000)
  eden space 20992K, 100% used [0x00000000eab00000,0x00000000ebf80000,0x00000000ebf80000)
  from space 2048K, 95% used [0x00000000ebf80000,0x00000000ec168000,0x00000000ec180000)
  to   space 3072K, 0% used [0x00000000ec280000,0x00000000ec280000,0x00000000ec580000)
 ParOldGen       total 68608K, used 23474K [0x00000000c0000000, 0x00000000c4300000, 0x00000000eab00000)
  object space 68608K, 34% used [0x00000000c0000000,0x00000000c16ecbe0,0x00000000c4300000)
 Metaspace       used 39389K, committed 40192K, reserved 1114112K
  class space    used 3976K, committed 4352K, reserved 1048576K
}
Event: 235.645 GC heap after
{Heap after GC invocations=18 (full 2):
 PSYoungGen      total 23552K, used 3041K [0x00000000eab00000, 0x00000000ec680000, 0x0000000100000000)
  eden space 20480K, 0% used [0x00000000eab00000,0x00000000eab00000,0x00000000ebf00000)
  from space 3072K, 98% used [0x00000000ec280000,0x00000000ec578500,0x00000000ec580000)
  to   space 3584K, 0% used [0x00000000ebf00000,0x00000000ebf00000,0x00000000ec280000)
 ParOldGen       total 68608K, used 25401K [0x00000000c0000000, 0x00000000c4300000, 0x00000000eab00000)
  object space 68608K, 37% used [0x00000000c0000000,0x00000000c18ce460,0x00000000c4300000)
 Metaspace       used 39389K, committed 40192K, reserved 1114112K
  class space    used 3976K, committed 4352K, reserved 1048576K
}
Event: 240.131 GC heap before
{Heap before GC invocations=19 (full 2):
 PSYoungGen      total 23552K, used 23521K [0x00000000eab00000, 0x00000000ec680000, 0x0000000100000000)
  eden space 20480K, 100% used [0x00000000eab00000,0x00000000ebf00000,0x00000000ebf00000)
  from space 3072K, 98% used [0x00000000ec280000,0x00000000ec578500,0x00000000ec580000)
  to   space 3584K, 0% used [0x00000000ebf00000,0x00000000ebf00000,0x00000000ec280000)
 ParOldGen       total 68608K, used 25401K [0x00000000c0000000, 0x00000000c4300000, 0x00000000eab00000)
  object space 68608K, 37% used [0x00000000c0000000,0x00000000c18ce460,0x00000000c4300000)
 Metaspace       used 41434K, committed 42240K, reserved 1114112K
  class space    used 4202K, committed 4544K, reserved 1048576K
}
Event: 240.137 GC heap after
{Heap after GC invocations=19 (full 2):
 PSYoungGen      total 22016K, used 1445K [0x00000000eab00000, 0x00000000ec300000, 0x0000000100000000)
  eden space 20480K, 0% used [0x00000000eab00000,0x00000000eab00000,0x00000000ebf00000)
  from space 1536K, 94% used [0x00000000ebf00000,0x00000000ec069710,0x00000000ec080000)
  to   space 2048K, 0% used [0x00000000ec100000,0x00000000ec100000,0x00000000ec300000)
 ParOldGen       total 68608K, used 28373K [0x00000000c0000000, 0x00000000c4300000, 0x00000000eab00000)
  object space 68608K, 41% used [0x00000000c0000000,0x00000000c1bb5650,0x00000000c4300000)
 Metaspace       used 41434K, committed 42240K, reserved 1114112K
  class space    used 4202K, committed 4544K, reserved 1048576K
}
Event: 240.528 GC heap before
{Heap before GC invocations=20 (full 2):
 PSYoungGen      total 22016K, used 21925K [0x00000000eab00000, 0x00000000ec300000, 0x0000000100000000)
  eden space 20480K, 100% used [0x00000000eab00000,0x00000000ebf00000,0x00000000ebf00000)
  from space 1536K, 94% used [0x00000000ebf00000,0x00000000ec069710,0x00000000ec080000)
  to   space 2048K, 0% used [0x00000000ec100000,0x00000000ec100000,0x00000000ec300000)
 ParOldGen       total 68608K, used 28373K [0x00000000c0000000, 0x00000000c4300000, 0x00000000eab00000)
  object space 68608K, 41% used [0x00000000c0000000,0x00000000c1bb5650,0x00000000c4300000)
 Metaspace       used 41468K, committed 42240K, reserved 1114112K
  class space    used 4202K, committed 4544K, reserved 1048576K
}
Event: 240.531 GC heap after
{Heap after GC invocations=20 (full 2):
 PSYoungGen      total 21504K, used 918K [0x00000000eab00000, 0x00000000ec200000, 0x0000000100000000)
  eden space 20480K, 0% used [0x00000000eab00000,0x00000000eab00000,0x00000000ebf00000)
  from space 1024K, 89% used [0x00000000ec100000,0x00000000ec1e5ba0,0x00000000ec200000)
  to   space 1536K, 0% used [0x00000000ebf00000,0x00000000ebf00000,0x00000000ec080000)
 ParOldGen       total 68608K, used 29420K [0x00000000c0000000, 0x00000000c4300000, 0x00000000eab00000)
  object space 68608K, 42% used [0x00000000c0000000,0x00000000c1cbb268,0x00000000c4300000)
 Metaspace       used 41468K, committed 42240K, reserved 1114112K
  class space    used 4202K, committed 4544K, reserved 1048576K
}
Event: 246.633 GC heap before
{Heap before GC invocations=21 (full 2):
 PSYoungGen      total 21504K, used 21398K [0x00000000eab00000, 0x00000000ec200000, 0x0000000100000000)
  eden space 20480K, 100% used [0x00000000eab00000,0x00000000ebf00000,0x00000000ebf00000)
  from space 1024K, 89% used [0x00000000ec100000,0x00000000ec1e5ba0,0x00000000ec200000)
  to   space 1536K, 0% used [0x00000000ebf00000,0x00000000ebf00000,0x00000000ec080000)
 ParOldGen       total 68608K, used 29420K [0x00000000c0000000, 0x00000000c4300000, 0x00000000eab00000)
  object space 68608K, 42% used [0x00000000c0000000,0x00000000c1cbb268,0x00000000c4300000)
 Metaspace       used 43081K, committed 43904K, reserved 1114112K
  class space    used 4346K, committed 4736K, reserved 1048576K
}
Event: 246.634 GC heap after
{Heap after GC invocations=21 (full 2):
 PSYoungGen      total 22016K, used 192K [0x00000000eab00000, 0x00000000ec180000, 0x0000000100000000)
  eden space 20480K, 0% used [0x00000000eab00000,0x00000000eab00000,0x00000000ebf00000)
  from space 1536K, 12% used [0x00000000ebf00000,0x00000000ebf30000,0x00000000ec080000)
  to   space 512K, 0% used [0x00000000ec100000,0x00000000ec100000,0x00000000ec180000)
 ParOldGen       total 68608K, used 29444K [0x00000000c0000000, 0x00000000c4300000, 0x00000000eab00000)
  object space 68608K, 42% used [0x00000000c0000000,0x00000000c1cc1268,0x00000000c4300000)
 Metaspace       used 43081K, committed 43904K, reserved 1114112K
  class space    used 4346K, committed 4736K, reserved 1048576K
}
Event: 252.776 GC heap before
{Heap before GC invocations=22 (full 2):
 PSYoungGen      total 22016K, used 20672K [0x00000000eab00000, 0x00000000ec180000, 0x0000000100000000)
  eden space 20480K, 100% used [0x00000000eab00000,0x00000000ebf00000,0x00000000ebf00000)
  from space 1536K, 12% used [0x00000000ebf00000,0x00000000ebf30000,0x00000000ec080000)
  to   space 512K, 0% used [0x00000000ec100000,0x00000000ec100000,0x00000000ec180000)
 ParOldGen       total 68608K, used 29444K [0x00000000c0000000, 0x00000000c4300000, 0x00000000eab00000)
  object space 68608K, 42% used [0x00000000c0000000,0x00000000c1cc1268,0x00000000c4300000)
 Metaspace       used 44035K, committed 44864K, reserved 1114112K
  class space    used 4452K, committed 4800K, reserved 1048576K
}
Event: 252.778 GC heap after
{Heap after GC invocations=22 (full 2):
 PSYoungGen      total 20992K, used 480K [0x00000000eab00000, 0x00000000ec180000, 0x0000000100000000)
  eden space 20480K, 0% used [0x00000000eab00000,0x00000000eab00000,0x00000000ebf00000)
  from space 512K, 93% used [0x00000000ec100000,0x00000000ec178010,0x00000000ec180000)
  to   space 1024K, 0% used [0x00000000ebf80000,0x00000000ebf80000,0x00000000ec080000)
 ParOldGen       total 68608K, used 29564K [0x00000000c0000000, 0x00000000c4300000, 0x00000000eab00000)
  object space 68608K, 43% used [0x00000000c0000000,0x00000000c1cdf268,0x00000000c4300000)
 Metaspace       used 44035K, committed 44864K, reserved 1114112K
  class space    used 4452K, committed 4800K, reserved 1048576K
}
Event: 543.349 GC heap before
{Heap before GC invocations=23 (full 2):
 PSYoungGen      total 20992K, used 20960K [0x00000000eab00000, 0x00000000ec180000, 0x0000000100000000)
  eden space 20480K, 100% used [0x00000000eab00000,0x00000000ebf00000,0x00000000ebf00000)
  from space 512K, 93% used [0x00000000ec100000,0x00000000ec178010,0x00000000ec180000)
  to   space 1024K, 0% used [0x00000000ebf80000,0x00000000ebf80000,0x00000000ec080000)
 ParOldGen       total 68608K, used 29564K [0x00000000c0000000, 0x00000000c4300000, 0x00000000eab00000)
  object space 68608K, 43% used [0x00000000c0000000,0x00000000c1cdf268,0x00000000c4300000)
 Metaspace       used 45003K, committed 45824K, reserved 1114112K
  class space    used 4518K, committed 4928K, reserved 1048576K
}
Event: 543.690 GC heap after
{Heap after GC invocations=23 (full 2):
 PSYoungGen      total 21504K, used 768K [0x00000000eab00000, 0x00000000ec180000, 0x0000000100000000)
  eden space 20480K, 0% used [0x00000000eab00000,0x00000000eab00000,0x00000000ebf00000)
  from space 1024K, 75% used [0x00000000ebf80000,0x00000000ec040000,0x00000000ec080000)
  to   space 1024K, 0% used [0x00000000ec080000,0x00000000ec080000,0x00000000ec180000)
 ParOldGen       total 68608K, used 30625K [0x00000000c0000000, 0x00000000c4300000, 0x00000000eab00000)
  object space 68608K, 44% used [0x00000000c0000000,0x00000000c1de8778,0x00000000c4300000)
 Metaspace       used 45003K, committed 45824K, reserved 1114112K
  class space    used 4518K, committed 4928K, reserved 1048576K
}

